2023-05-02 21:42:28.757+05:30 WARN  c.m.a.a.i.c.ConfigurationBuilder - Unrecognized field "connectionString" (class com.microsoft.applicationinsights.agent.internal.configuration.Configuration$Instrumentation), not marked as ignorable (12 known properties: "jms", "springScheduling", "mongo", "micrometer", "kafka", "cassandra", "azureSdk", "rabbitmq", "logging", "jdbc", "quartz", "redis"])
 at [Source: UNKNOWN; byte offset: #UNKNOWN] (through reference chain: com.microsoft.applicationinsights.agent.internal.configuration.Configuration["instrumentation"]->com.microsoft.applicationinsights.agent.internal.configuration.Configuration$Instrumentation["connectionString"])
com.fasterxml.jackson.databind.exc.UnrecognizedPropertyException: Unrecognized field "connectionString" (class com.microsoft.applicationinsights.agent.internal.configuration.Configuration$Instrumentation), not marked as ignorable (12 known properties: "jms", "springScheduling", "mongo", "micrometer", "kafka", "cassandra", "azureSdk", "rabbitmq", "logging", "jdbc", "quartz", "redis"])
 at [Source: UNKNOWN; byte offset: #UNKNOWN] (through reference chain: com.microsoft.applicationinsights.agent.internal.configuration.Configuration["instrumentation"]->com.microsoft.applicationinsights.agent.internal.configuration.Configuration$Instrumentation["connectionString"])
	at com.fasterxml.jackson.databind.exc.UnrecognizedPropertyException.from(UnrecognizedPropertyException.java:61)
	at com.fasterxml.jackson.databind.DeserializationContext.handleUnknownProperty(DeserializationContext.java:1132)
	at com.fasterxml.jackson.databind.deser.std.StdDeserializer.handleUnknownProperty(StdDeserializer.java:2202)
	at com.fasterxml.jackson.databind.deser.BeanDeserializerBase.handleUnknownProperty(BeanDeserializerBase.java:1705)
	at com.fasterxml.jackson.databind.deser.BeanDeserializerBase.handleUnknownVanilla(BeanDeserializerBase.java:1683)
	at com.fasterxml.jackson.databind.deser.BeanDeserializer.vanillaDeserialize(BeanDeserializer.java:320)
	at com.fasterxml.jackson.databind.deser.BeanDeserializer.deserialize(BeanDeserializer.java:177)
	at com.fasterxml.jackson.databind.deser.impl.FieldProperty.deserializeAndSet(FieldProperty.java:138)
	at com.fasterxml.jackson.databind.deser.BeanDeserializer.vanillaDeserialize(BeanDeserializer.java:314)
	at com.fasterxml.jackson.databind.deser.BeanDeserializer.deserialize(BeanDeserializer.java:177)
	at com.fasterxml.jackson.databind.deser.DefaultDeserializationContext.readRootValue(DefaultDeserializationContext.java:323)
	at com.fasterxml.jackson.databind.ObjectMapper._readValue(ObjectMapper.java:4706)
	at com.fasterxml.jackson.databind.ObjectMapper.readValue(ObjectMapper.java:2879)
	at com.fasterxml.jackson.databind.ObjectMapper.treeToValue(ObjectMapper.java:3343)
	at com.microsoft.applicationinsights.agent.internal.configuration.ConfigurationBuilder.getConfiguration(ConfigurationBuilder.java:903)
	at com.microsoft.applicationinsights.agent.internal.configuration.ConfigurationBuilder.getConfiguration(ConfigurationBuilder.java:892)
	at com.microsoft.applicationinsights.agent.internal.configuration.ConfigurationBuilder.loadConfigurationFile(ConfigurationBuilder.java:473)
	at com.microsoft.applicationinsights.agent.internal.configuration.ConfigurationBuilder.create(ConfigurationBuilder.java:124)
	at com.microsoft.applicationinsights.agent.internal.init.FirstEntryPoint.init(FirstEntryPoint.java:90)
	at io.opentelemetry.javaagent.tooling.AgentStarterImpl.start(AgentStarterImpl.java:94)
	at io.opentelemetry.javaagent.bootstrap.AgentInitializer$1.run(AgentInitializer.java:53)
	at io.opentelemetry.javaagent.bootstrap.AgentInitializer$1.run(AgentInitializer.java:47)
	at io.opentelemetry.javaagent.bootstrap.AgentInitializer.execute(AgentInitializer.java:64)
	at io.opentelemetry.javaagent.bootstrap.AgentInitializer.initialize(AgentInitializer.java:46)
	at io.opentelemetry.javaagent.OpenTelemetryAgent.startAgent(OpenTelemetryAgent.java:57)
	at io.opentelemetry.javaagent.OpenTelemetryAgent.premain(OpenTelemetryAgent.java:45)
	at com.microsoft.applicationinsights.agent.Agent.premain(Agent.java:38)
	at com.microsoft.applicationinsights.agent.Agent.agentmain(Agent.java:44)
	at java.base/jdk.internal.reflect.DirectMethodHandleAccessor.invoke(DirectMethodHandleAccessor.java:104)
	at java.base/java.lang.reflect.Method.invoke(Method.java:578)
	at java.instrument/sun.instrument.InstrumentationImpl.loadClassAndStartAgent(InstrumentationImpl.java:491)
	at java.instrument/sun.instrument.InstrumentationImpl.loadClassAndCallAgentmain(InstrumentationImpl.java:513)
2023-05-02 21:42:28.820+05:30 ERROR c.m.applicationinsights.agent - 
*************************
Application Insights Java Agent 3.4.12 startup failed (PID 14544)
*************************

Description:
No connection string provided

Action:
Please provide connection string.

2023-05-02 21:43:50.047+05:30 WARN  c.m.a.a.i.c.ConfigurationBuilder - Unrecognized field "connectionString" (class com.microsoft.applicationinsights.agent.internal.configuration.Configuration$Instrumentation), not marked as ignorable (12 known properties: "jms", "springScheduling", "mongo", "micrometer", "kafka", "cassandra", "azureSdk", "rabbitmq", "logging", "jdbc", "quartz", "redis"])
 at [Source: UNKNOWN; byte offset: #UNKNOWN] (through reference chain: com.microsoft.applicationinsights.agent.internal.configuration.Configuration["instrumentation"]->com.microsoft.applicationinsights.agent.internal.configuration.Configuration$Instrumentation["connectionString"])
com.fasterxml.jackson.databind.exc.UnrecognizedPropertyException: Unrecognized field "connectionString" (class com.microsoft.applicationinsights.agent.internal.configuration.Configuration$Instrumentation), not marked as ignorable (12 known properties: "jms", "springScheduling", "mongo", "micrometer", "kafka", "cassandra", "azureSdk", "rabbitmq", "logging", "jdbc", "quartz", "redis"])
 at [Source: UNKNOWN; byte offset: #UNKNOWN] (through reference chain: com.microsoft.applicationinsights.agent.internal.configuration.Configuration["instrumentation"]->com.microsoft.applicationinsights.agent.internal.configuration.Configuration$Instrumentation["connectionString"])
	at com.fasterxml.jackson.databind.exc.UnrecognizedPropertyException.from(UnrecognizedPropertyException.java:61)
	at com.fasterxml.jackson.databind.DeserializationContext.handleUnknownProperty(DeserializationContext.java:1132)
	at com.fasterxml.jackson.databind.deser.std.StdDeserializer.handleUnknownProperty(StdDeserializer.java:2202)
	at com.fasterxml.jackson.databind.deser.BeanDeserializerBase.handleUnknownProperty(BeanDeserializerBase.java:1705)
	at com.fasterxml.jackson.databind.deser.BeanDeserializerBase.handleUnknownVanilla(BeanDeserializerBase.java:1683)
	at com.fasterxml.jackson.databind.deser.BeanDeserializer.vanillaDeserialize(BeanDeserializer.java:320)
	at com.fasterxml.jackson.databind.deser.BeanDeserializer.deserialize(BeanDeserializer.java:177)
	at com.fasterxml.jackson.databind.deser.impl.FieldProperty.deserializeAndSet(FieldProperty.java:138)
	at com.fasterxml.jackson.databind.deser.BeanDeserializer.vanillaDeserialize(BeanDeserializer.java:314)
	at com.fasterxml.jackson.databind.deser.BeanDeserializer.deserialize(BeanDeserializer.java:177)
	at com.fasterxml.jackson.databind.deser.DefaultDeserializationContext.readRootValue(DefaultDeserializationContext.java:323)
	at com.fasterxml.jackson.databind.ObjectMapper._readValue(ObjectMapper.java:4706)
	at com.fasterxml.jackson.databind.ObjectMapper.readValue(ObjectMapper.java:2879)
	at com.fasterxml.jackson.databind.ObjectMapper.treeToValue(ObjectMapper.java:3343)
	at com.microsoft.applicationinsights.agent.internal.configuration.ConfigurationBuilder.getConfiguration(ConfigurationBuilder.java:903)
	at com.microsoft.applicationinsights.agent.internal.configuration.ConfigurationBuilder.getConfiguration(ConfigurationBuilder.java:892)
	at com.microsoft.applicationinsights.agent.internal.configuration.ConfigurationBuilder.loadConfigurationFile(ConfigurationBuilder.java:473)
	at com.microsoft.applicationinsights.agent.internal.configuration.ConfigurationBuilder.create(ConfigurationBuilder.java:124)
	at com.microsoft.applicationinsights.agent.internal.init.FirstEntryPoint.init(FirstEntryPoint.java:90)
	at io.opentelemetry.javaagent.tooling.AgentStarterImpl.start(AgentStarterImpl.java:94)
	at io.opentelemetry.javaagent.bootstrap.AgentInitializer$1.run(AgentInitializer.java:53)
	at io.opentelemetry.javaagent.bootstrap.AgentInitializer$1.run(AgentInitializer.java:47)
	at io.opentelemetry.javaagent.bootstrap.AgentInitializer.execute(AgentInitializer.java:64)
	at io.opentelemetry.javaagent.bootstrap.AgentInitializer.initialize(AgentInitializer.java:46)
	at io.opentelemetry.javaagent.OpenTelemetryAgent.startAgent(OpenTelemetryAgent.java:57)
	at io.opentelemetry.javaagent.OpenTelemetryAgent.premain(OpenTelemetryAgent.java:45)
	at com.microsoft.applicationinsights.agent.Agent.premain(Agent.java:38)
	at com.microsoft.applicationinsights.agent.Agent.agentmain(Agent.java:44)
	at java.base/jdk.internal.reflect.DirectMethodHandleAccessor.invoke(DirectMethodHandleAccessor.java:104)
	at java.base/java.lang.reflect.Method.invoke(Method.java:578)
	at java.instrument/sun.instrument.InstrumentationImpl.loadClassAndStartAgent(InstrumentationImpl.java:491)
	at java.instrument/sun.instrument.InstrumentationImpl.loadClassAndCallAgentmain(InstrumentationImpl.java:513)
2023-05-02 21:43:50.114+05:30 ERROR c.m.applicationinsights.agent - 
*************************
Application Insights Java Agent 3.4.12 startup failed (PID 23868)
*************************

Description:
No connection string provided

Action:
Please provide connection string.

2023-05-02 21:44:21.891+05:30 WARN  c.m.a.a.i.c.ConfigurationBuilder - Unrecognized field "connectionString" (class com.microsoft.applicationinsights.agent.internal.configuration.Configuration$Instrumentation), not marked as ignorable (12 known properties: "jms", "springScheduling", "mongo", "micrometer", "kafka", "cassandra", "azureSdk", "rabbitmq", "logging", "jdbc", "quartz", "redis"])
 at [Source: UNKNOWN; byte offset: #UNKNOWN] (through reference chain: com.microsoft.applicationinsights.agent.internal.configuration.Configuration["instrumentation"]->com.microsoft.applicationinsights.agent.internal.configuration.Configuration$Instrumentation["connectionString"])
com.fasterxml.jackson.databind.exc.UnrecognizedPropertyException: Unrecognized field "connectionString" (class com.microsoft.applicationinsights.agent.internal.configuration.Configuration$Instrumentation), not marked as ignorable (12 known properties: "jms", "springScheduling", "mongo", "micrometer", "kafka", "cassandra", "azureSdk", "rabbitmq", "logging", "jdbc", "quartz", "redis"])
 at [Source: UNKNOWN; byte offset: #UNKNOWN] (through reference chain: com.microsoft.applicationinsights.agent.internal.configuration.Configuration["instrumentation"]->com.microsoft.applicationinsights.agent.internal.configuration.Configuration$Instrumentation["connectionString"])
	at com.fasterxml.jackson.databind.exc.UnrecognizedPropertyException.from(UnrecognizedPropertyException.java:61)
	at com.fasterxml.jackson.databind.DeserializationContext.handleUnknownProperty(DeserializationContext.java:1132)
	at com.fasterxml.jackson.databind.deser.std.StdDeserializer.handleUnknownProperty(StdDeserializer.java:2202)
	at com.fasterxml.jackson.databind.deser.BeanDeserializerBase.handleUnknownProperty(BeanDeserializerBase.java:1705)
	at com.fasterxml.jackson.databind.deser.BeanDeserializerBase.handleUnknownVanilla(BeanDeserializerBase.java:1683)
	at com.fasterxml.jackson.databind.deser.BeanDeserializer.vanillaDeserialize(BeanDeserializer.java:320)
	at com.fasterxml.jackson.databind.deser.BeanDeserializer.deserialize(BeanDeserializer.java:177)
	at com.fasterxml.jackson.databind.deser.impl.FieldProperty.deserializeAndSet(FieldProperty.java:138)
	at com.fasterxml.jackson.databind.deser.BeanDeserializer.vanillaDeserialize(BeanDeserializer.java:314)
	at com.fasterxml.jackson.databind.deser.BeanDeserializer.deserialize(BeanDeserializer.java:177)
	at com.fasterxml.jackson.databind.deser.DefaultDeserializationContext.readRootValue(DefaultDeserializationContext.java:323)
	at com.fasterxml.jackson.databind.ObjectMapper._readValue(ObjectMapper.java:4706)
	at com.fasterxml.jackson.databind.ObjectMapper.readValue(ObjectMapper.java:2879)
	at com.fasterxml.jackson.databind.ObjectMapper.treeToValue(ObjectMapper.java:3343)
	at com.microsoft.applicationinsights.agent.internal.configuration.ConfigurationBuilder.getConfiguration(ConfigurationBuilder.java:903)
	at com.microsoft.applicationinsights.agent.internal.configuration.ConfigurationBuilder.getConfiguration(ConfigurationBuilder.java:892)
	at com.microsoft.applicationinsights.agent.internal.configuration.ConfigurationBuilder.loadConfigurationFile(ConfigurationBuilder.java:473)
	at com.microsoft.applicationinsights.agent.internal.configuration.ConfigurationBuilder.create(ConfigurationBuilder.java:124)
	at com.microsoft.applicationinsights.agent.internal.init.FirstEntryPoint.init(FirstEntryPoint.java:90)
	at io.opentelemetry.javaagent.tooling.AgentStarterImpl.start(AgentStarterImpl.java:94)
	at io.opentelemetry.javaagent.bootstrap.AgentInitializer$1.run(AgentInitializer.java:53)
	at io.opentelemetry.javaagent.bootstrap.AgentInitializer$1.run(AgentInitializer.java:47)
	at io.opentelemetry.javaagent.bootstrap.AgentInitializer.execute(AgentInitializer.java:64)
	at io.opentelemetry.javaagent.bootstrap.AgentInitializer.initialize(AgentInitializer.java:46)
	at io.opentelemetry.javaagent.OpenTelemetryAgent.startAgent(OpenTelemetryAgent.java:57)
	at io.opentelemetry.javaagent.OpenTelemetryAgent.premain(OpenTelemetryAgent.java:45)
	at com.microsoft.applicationinsights.agent.Agent.premain(Agent.java:38)
	at com.microsoft.applicationinsights.agent.Agent.agentmain(Agent.java:44)
	at java.base/jdk.internal.reflect.DirectMethodHandleAccessor.invoke(DirectMethodHandleAccessor.java:104)
	at java.base/java.lang.reflect.Method.invoke(Method.java:578)
	at java.instrument/sun.instrument.InstrumentationImpl.loadClassAndStartAgent(InstrumentationImpl.java:491)
	at java.instrument/sun.instrument.InstrumentationImpl.loadClassAndCallAgentmain(InstrumentationImpl.java:513)
2023-05-02 21:44:21.952+05:30 ERROR c.m.applicationinsights.agent - 
*************************
Application Insights Java Agent 3.4.12 startup failed (PID 16116)
*************************

Description:
No connection string provided

Action:
Please provide connection string.

2023-05-02 21:45:36.673+05:30 WARN  c.m.a.a.i.c.ConfigurationBuilder - Unrecognized field "connectionString" (class com.microsoft.applicationinsights.agent.internal.configuration.Configuration$Instrumentation), not marked as ignorable (12 known properties: "jms", "springScheduling", "mongo", "micrometer", "kafka", "cassandra", "azureSdk", "rabbitmq", "logging", "jdbc", "quartz", "redis"])
 at [Source: UNKNOWN; byte offset: #UNKNOWN] (through reference chain: com.microsoft.applicationinsights.agent.internal.configuration.Configuration["instrumentation"]->com.microsoft.applicationinsights.agent.internal.configuration.Configuration$Instrumentation["connectionString"])
com.fasterxml.jackson.databind.exc.UnrecognizedPropertyException: Unrecognized field "connectionString" (class com.microsoft.applicationinsights.agent.internal.configuration.Configuration$Instrumentation), not marked as ignorable (12 known properties: "jms", "springScheduling", "mongo", "micrometer", "kafka", "cassandra", "azureSdk", "rabbitmq", "logging", "jdbc", "quartz", "redis"])
 at [Source: UNKNOWN; byte offset: #UNKNOWN] (through reference chain: com.microsoft.applicationinsights.agent.internal.configuration.Configuration["instrumentation"]->com.microsoft.applicationinsights.agent.internal.configuration.Configuration$Instrumentation["connectionString"])
	at com.fasterxml.jackson.databind.exc.UnrecognizedPropertyException.from(UnrecognizedPropertyException.java:61)
	at com.fasterxml.jackson.databind.DeserializationContext.handleUnknownProperty(DeserializationContext.java:1132)
	at com.fasterxml.jackson.databind.deser.std.StdDeserializer.handleUnknownProperty(StdDeserializer.java:2202)
	at com.fasterxml.jackson.databind.deser.BeanDeserializerBase.handleUnknownProperty(BeanDeserializerBase.java:1705)
	at com.fasterxml.jackson.databind.deser.BeanDeserializerBase.handleUnknownVanilla(BeanDeserializerBase.java:1683)
	at com.fasterxml.jackson.databind.deser.BeanDeserializer.vanillaDeserialize(BeanDeserializer.java:320)
	at com.fasterxml.jackson.databind.deser.BeanDeserializer.deserialize(BeanDeserializer.java:177)
	at com.fasterxml.jackson.databind.deser.impl.FieldProperty.deserializeAndSet(FieldProperty.java:138)
	at com.fasterxml.jackson.databind.deser.BeanDeserializer.vanillaDeserialize(BeanDeserializer.java:314)
	at com.fasterxml.jackson.databind.deser.BeanDeserializer.deserialize(BeanDeserializer.java:177)
	at com.fasterxml.jackson.databind.deser.DefaultDeserializationContext.readRootValue(DefaultDeserializationContext.java:323)
	at com.fasterxml.jackson.databind.ObjectMapper._readValue(ObjectMapper.java:4706)
	at com.fasterxml.jackson.databind.ObjectMapper.readValue(ObjectMapper.java:2879)
	at com.fasterxml.jackson.databind.ObjectMapper.treeToValue(ObjectMapper.java:3343)
	at com.microsoft.applicationinsights.agent.internal.configuration.ConfigurationBuilder.getConfiguration(ConfigurationBuilder.java:903)
	at com.microsoft.applicationinsights.agent.internal.configuration.ConfigurationBuilder.getConfiguration(ConfigurationBuilder.java:892)
	at com.microsoft.applicationinsights.agent.internal.configuration.ConfigurationBuilder.loadConfigurationFile(ConfigurationBuilder.java:473)
	at com.microsoft.applicationinsights.agent.internal.configuration.ConfigurationBuilder.create(ConfigurationBuilder.java:124)
	at com.microsoft.applicationinsights.agent.internal.init.FirstEntryPoint.init(FirstEntryPoint.java:90)
	at io.opentelemetry.javaagent.tooling.AgentStarterImpl.start(AgentStarterImpl.java:94)
	at io.opentelemetry.javaagent.bootstrap.AgentInitializer$1.run(AgentInitializer.java:53)
	at io.opentelemetry.javaagent.bootstrap.AgentInitializer$1.run(AgentInitializer.java:47)
	at io.opentelemetry.javaagent.bootstrap.AgentInitializer.execute(AgentInitializer.java:64)
	at io.opentelemetry.javaagent.bootstrap.AgentInitializer.initialize(AgentInitializer.java:46)
	at io.opentelemetry.javaagent.OpenTelemetryAgent.startAgent(OpenTelemetryAgent.java:57)
	at io.opentelemetry.javaagent.OpenTelemetryAgent.premain(OpenTelemetryAgent.java:45)
	at com.microsoft.applicationinsights.agent.Agent.premain(Agent.java:38)
	at com.microsoft.applicationinsights.agent.Agent.agentmain(Agent.java:44)
	at java.base/jdk.internal.reflect.DirectMethodHandleAccessor.invoke(DirectMethodHandleAccessor.java:104)
	at java.base/java.lang.reflect.Method.invoke(Method.java:578)
	at java.instrument/sun.instrument.InstrumentationImpl.loadClassAndStartAgent(InstrumentationImpl.java:491)
	at java.instrument/sun.instrument.InstrumentationImpl.loadClassAndCallAgentmain(InstrumentationImpl.java:513)
2023-05-02 21:45:38.265+05:30 INFO  c.m.applicationinsights.agent - Application Insights Java Agent 3.4.12 started successfully (PID 5176, JVM running for 2.856 s)
2023-05-02 21:45:38.266+05:30 INFO  c.m.applicationinsights.agent - Java version: 19.0.2, vendor: Oracle Corporation, home: C:\Program Files\Java\jdk-19
2023-05-02 21:49:07.206+05:30 WARN  c.m.a.a.i.c.ConfigurationBuilder - Unrecognized field "connectionString" (class com.microsoft.applicationinsights.agent.internal.configuration.Configuration$Instrumentation), not marked as ignorable (12 known properties: "jms", "springScheduling", "mongo", "micrometer", "kafka", "cassandra", "azureSdk", "rabbitmq", "logging", "jdbc", "quartz", "redis"])
 at [Source: UNKNOWN; byte offset: #UNKNOWN] (through reference chain: com.microsoft.applicationinsights.agent.internal.configuration.Configuration["instrumentation"]->com.microsoft.applicationinsights.agent.internal.configuration.Configuration$Instrumentation["connectionString"])
com.fasterxml.jackson.databind.exc.UnrecognizedPropertyException: Unrecognized field "connectionString" (class com.microsoft.applicationinsights.agent.internal.configuration.Configuration$Instrumentation), not marked as ignorable (12 known properties: "jms", "springScheduling", "mongo", "micrometer", "kafka", "cassandra", "azureSdk", "rabbitmq", "logging", "jdbc", "quartz", "redis"])
 at [Source: UNKNOWN; byte offset: #UNKNOWN] (through reference chain: com.microsoft.applicationinsights.agent.internal.configuration.Configuration["instrumentation"]->com.microsoft.applicationinsights.agent.internal.configuration.Configuration$Instrumentation["connectionString"])
	at com.fasterxml.jackson.databind.exc.UnrecognizedPropertyException.from(UnrecognizedPropertyException.java:61)
	at com.fasterxml.jackson.databind.DeserializationContext.handleUnknownProperty(DeserializationContext.java:1132)
	at com.fasterxml.jackson.databind.deser.std.StdDeserializer.handleUnknownProperty(StdDeserializer.java:2202)
	at com.fasterxml.jackson.databind.deser.BeanDeserializerBase.handleUnknownProperty(BeanDeserializerBase.java:1705)
	at com.fasterxml.jackson.databind.deser.BeanDeserializerBase.handleUnknownVanilla(BeanDeserializerBase.java:1683)
	at com.fasterxml.jackson.databind.deser.BeanDeserializer.vanillaDeserialize(BeanDeserializer.java:320)
	at com.fasterxml.jackson.databind.deser.BeanDeserializer.deserialize(BeanDeserializer.java:177)
	at com.fasterxml.jackson.databind.deser.impl.FieldProperty.deserializeAndSet(FieldProperty.java:138)
	at com.fasterxml.jackson.databind.deser.BeanDeserializer.vanillaDeserialize(BeanDeserializer.java:314)
	at com.fasterxml.jackson.databind.deser.BeanDeserializer.deserialize(BeanDeserializer.java:177)
	at com.fasterxml.jackson.databind.deser.DefaultDeserializationContext.readRootValue(DefaultDeserializationContext.java:323)
	at com.fasterxml.jackson.databind.ObjectMapper._readValue(ObjectMapper.java:4706)
	at com.fasterxml.jackson.databind.ObjectMapper.readValue(ObjectMapper.java:2879)
	at com.fasterxml.jackson.databind.ObjectMapper.treeToValue(ObjectMapper.java:3343)
	at com.microsoft.applicationinsights.agent.internal.configuration.ConfigurationBuilder.getConfiguration(ConfigurationBuilder.java:903)
	at com.microsoft.applicationinsights.agent.internal.configuration.ConfigurationBuilder.getConfiguration(ConfigurationBuilder.java:892)
	at com.microsoft.applicationinsights.agent.internal.configuration.ConfigurationBuilder.loadConfigurationFile(ConfigurationBuilder.java:473)
	at com.microsoft.applicationinsights.agent.internal.configuration.ConfigurationBuilder.create(ConfigurationBuilder.java:124)
	at com.microsoft.applicationinsights.agent.internal.init.FirstEntryPoint.init(FirstEntryPoint.java:90)
	at io.opentelemetry.javaagent.tooling.AgentStarterImpl.start(AgentStarterImpl.java:94)
	at io.opentelemetry.javaagent.bootstrap.AgentInitializer$1.run(AgentInitializer.java:53)
	at io.opentelemetry.javaagent.bootstrap.AgentInitializer$1.run(AgentInitializer.java:47)
	at io.opentelemetry.javaagent.bootstrap.AgentInitializer.execute(AgentInitializer.java:64)
	at io.opentelemetry.javaagent.bootstrap.AgentInitializer.initialize(AgentInitializer.java:46)
	at io.opentelemetry.javaagent.OpenTelemetryAgent.startAgent(OpenTelemetryAgent.java:57)
	at io.opentelemetry.javaagent.OpenTelemetryAgent.premain(OpenTelemetryAgent.java:45)
	at com.microsoft.applicationinsights.agent.Agent.premain(Agent.java:38)
	at com.microsoft.applicationinsights.agent.Agent.agentmain(Agent.java:44)
	at java.base/jdk.internal.reflect.DirectMethodHandleAccessor.invoke(DirectMethodHandleAccessor.java:104)
	at java.base/java.lang.reflect.Method.invoke(Method.java:578)
	at java.instrument/sun.instrument.InstrumentationImpl.loadClassAndStartAgent(InstrumentationImpl.java:491)
	at java.instrument/sun.instrument.InstrumentationImpl.loadClassAndCallAgentmain(InstrumentationImpl.java:513)
2023-05-02 21:49:08.862+05:30 INFO  c.m.applicationinsights.agent - Application Insights Java Agent 3.4.12 started successfully (PID 2264, JVM running for 3.006 s)
2023-05-02 21:49:08.863+05:30 INFO  c.m.applicationinsights.agent - Java version: 19.0.2, vendor: Oracle Corporation, home: C:\Program Files\Java\jdk-19
2023-05-02 21:59:47.891+05:30 WARN  c.m.a.a.i.c.ConfigurationBuilder - Unrecognized field "connectionString" (class com.microsoft.applicationinsights.agent.internal.configuration.Configuration$Instrumentation), not marked as ignorable (12 known properties: "jms", "springScheduling", "mongo", "micrometer", "kafka", "cassandra", "azureSdk", "rabbitmq", "logging", "jdbc", "quartz", "redis"])
 at [Source: UNKNOWN; byte offset: #UNKNOWN] (through reference chain: com.microsoft.applicationinsights.agent.internal.configuration.Configuration["instrumentation"]->com.microsoft.applicationinsights.agent.internal.configuration.Configuration$Instrumentation["connectionString"])
com.fasterxml.jackson.databind.exc.UnrecognizedPropertyException: Unrecognized field "connectionString" (class com.microsoft.applicationinsights.agent.internal.configuration.Configuration$Instrumentation), not marked as ignorable (12 known properties: "jms", "springScheduling", "mongo", "micrometer", "kafka", "cassandra", "azureSdk", "rabbitmq", "logging", "jdbc", "quartz", "redis"])
 at [Source: UNKNOWN; byte offset: #UNKNOWN] (through reference chain: com.microsoft.applicationinsights.agent.internal.configuration.Configuration["instrumentation"]->com.microsoft.applicationinsights.agent.internal.configuration.Configuration$Instrumentation["connectionString"])
	at com.fasterxml.jackson.databind.exc.UnrecognizedPropertyException.from(UnrecognizedPropertyException.java:61)
	at com.fasterxml.jackson.databind.DeserializationContext.handleUnknownProperty(DeserializationContext.java:1132)
	at com.fasterxml.jackson.databind.deser.std.StdDeserializer.handleUnknownProperty(StdDeserializer.java:2202)
	at com.fasterxml.jackson.databind.deser.BeanDeserializerBase.handleUnknownProperty(BeanDeserializerBase.java:1705)
	at com.fasterxml.jackson.databind.deser.BeanDeserializerBase.handleUnknownVanilla(BeanDeserializerBase.java:1683)
	at com.fasterxml.jackson.databind.deser.BeanDeserializer.vanillaDeserialize(BeanDeserializer.java:320)
	at com.fasterxml.jackson.databind.deser.BeanDeserializer.deserialize(BeanDeserializer.java:177)
	at com.fasterxml.jackson.databind.deser.impl.FieldProperty.deserializeAndSet(FieldProperty.java:138)
	at com.fasterxml.jackson.databind.deser.BeanDeserializer.vanillaDeserialize(BeanDeserializer.java:314)
	at com.fasterxml.jackson.databind.deser.BeanDeserializer.deserialize(BeanDeserializer.java:177)
	at com.fasterxml.jackson.databind.deser.DefaultDeserializationContext.readRootValue(DefaultDeserializationContext.java:323)
	at com.fasterxml.jackson.databind.ObjectMapper._readValue(ObjectMapper.java:4706)
	at com.fasterxml.jackson.databind.ObjectMapper.readValue(ObjectMapper.java:2879)
	at com.fasterxml.jackson.databind.ObjectMapper.treeToValue(ObjectMapper.java:3343)
	at com.microsoft.applicationinsights.agent.internal.configuration.ConfigurationBuilder.getConfiguration(ConfigurationBuilder.java:903)
	at com.microsoft.applicationinsights.agent.internal.configuration.ConfigurationBuilder.getConfiguration(ConfigurationBuilder.java:892)
	at com.microsoft.applicationinsights.agent.internal.configuration.ConfigurationBuilder.loadConfigurationFile(ConfigurationBuilder.java:473)
	at com.microsoft.applicationinsights.agent.internal.configuration.ConfigurationBuilder.create(ConfigurationBuilder.java:124)
	at com.microsoft.applicationinsights.agent.internal.init.FirstEntryPoint.init(FirstEntryPoint.java:90)
	at io.opentelemetry.javaagent.tooling.AgentStarterImpl.start(AgentStarterImpl.java:94)
	at io.opentelemetry.javaagent.bootstrap.AgentInitializer$1.run(AgentInitializer.java:53)
	at io.opentelemetry.javaagent.bootstrap.AgentInitializer$1.run(AgentInitializer.java:47)
	at io.opentelemetry.javaagent.bootstrap.AgentInitializer.execute(AgentInitializer.java:64)
	at io.opentelemetry.javaagent.bootstrap.AgentInitializer.initialize(AgentInitializer.java:46)
	at io.opentelemetry.javaagent.OpenTelemetryAgent.startAgent(OpenTelemetryAgent.java:57)
	at io.opentelemetry.javaagent.OpenTelemetryAgent.premain(OpenTelemetryAgent.java:45)
	at com.microsoft.applicationinsights.agent.Agent.premain(Agent.java:38)
	at com.microsoft.applicationinsights.agent.Agent.agentmain(Agent.java:44)
	at java.base/jdk.internal.reflect.DirectMethodHandleAccessor.invoke(DirectMethodHandleAccessor.java:104)
	at java.base/java.lang.reflect.Method.invoke(Method.java:578)
	at java.instrument/sun.instrument.InstrumentationImpl.loadClassAndStartAgent(InstrumentationImpl.java:491)
	at java.instrument/sun.instrument.InstrumentationImpl.loadClassAndCallAgentmain(InstrumentationImpl.java:513)
2023-05-02 21:59:49.486+05:30 INFO  c.m.applicationinsights.agent - Application Insights Java Agent 3.4.12 started successfully (PID 2900, JVM running for 2.848 s)
2023-05-02 21:59:49.487+05:30 INFO  c.m.applicationinsights.agent - Java version: 19.0.2, vendor: Oracle Corporation, home: C:\Program Files\Java\jdk-19
2023-05-02 22:20:13.064+05:30 WARN  c.m.a.a.i.c.ConfigurationBuilder - Unrecognized field "connectionString" (class com.microsoft.applicationinsights.agent.internal.configuration.Configuration$Instrumentation), not marked as ignorable (12 known properties: "jms", "springScheduling", "mongo", "micrometer", "kafka", "cassandra", "azureSdk", "rabbitmq", "logging", "jdbc", "quartz", "redis"])
 at [Source: UNKNOWN; byte offset: #UNKNOWN] (through reference chain: com.microsoft.applicationinsights.agent.internal.configuration.Configuration["instrumentation"]->com.microsoft.applicationinsights.agent.internal.configuration.Configuration$Instrumentation["connectionString"])
com.fasterxml.jackson.databind.exc.UnrecognizedPropertyException: Unrecognized field "connectionString" (class com.microsoft.applicationinsights.agent.internal.configuration.Configuration$Instrumentation), not marked as ignorable (12 known properties: "jms", "springScheduling", "mongo", "micrometer", "kafka", "cassandra", "azureSdk", "rabbitmq", "logging", "jdbc", "quartz", "redis"])
 at [Source: UNKNOWN; byte offset: #UNKNOWN] (through reference chain: com.microsoft.applicationinsights.agent.internal.configuration.Configuration["instrumentation"]->com.microsoft.applicationinsights.agent.internal.configuration.Configuration$Instrumentation["connectionString"])
	at com.fasterxml.jackson.databind.exc.UnrecognizedPropertyException.from(UnrecognizedPropertyException.java:61)
	at com.fasterxml.jackson.databind.DeserializationContext.handleUnknownProperty(DeserializationContext.java:1132)
	at com.fasterxml.jackson.databind.deser.std.StdDeserializer.handleUnknownProperty(StdDeserializer.java:2202)
	at com.fasterxml.jackson.databind.deser.BeanDeserializerBase.handleUnknownProperty(BeanDeserializerBase.java:1705)
	at com.fasterxml.jackson.databind.deser.BeanDeserializerBase.handleUnknownVanilla(BeanDeserializerBase.java:1683)
	at com.fasterxml.jackson.databind.deser.BeanDeserializer.vanillaDeserialize(BeanDeserializer.java:320)
	at com.fasterxml.jackson.databind.deser.BeanDeserializer.deserialize(BeanDeserializer.java:177)
	at com.fasterxml.jackson.databind.deser.impl.FieldProperty.deserializeAndSet(FieldProperty.java:138)
	at com.fasterxml.jackson.databind.deser.BeanDeserializer.vanillaDeserialize(BeanDeserializer.java:314)
	at com.fasterxml.jackson.databind.deser.BeanDeserializer.deserialize(BeanDeserializer.java:177)
	at com.fasterxml.jackson.databind.deser.DefaultDeserializationContext.readRootValue(DefaultDeserializationContext.java:323)
	at com.fasterxml.jackson.databind.ObjectMapper._readValue(ObjectMapper.java:4706)
	at com.fasterxml.jackson.databind.ObjectMapper.readValue(ObjectMapper.java:2879)
	at com.fasterxml.jackson.databind.ObjectMapper.treeToValue(ObjectMapper.java:3343)
	at com.microsoft.applicationinsights.agent.internal.configuration.ConfigurationBuilder.getConfiguration(ConfigurationBuilder.java:903)
	at com.microsoft.applicationinsights.agent.internal.configuration.ConfigurationBuilder.getConfiguration(ConfigurationBuilder.java:892)
	at com.microsoft.applicationinsights.agent.internal.configuration.ConfigurationBuilder.loadConfigurationFile(ConfigurationBuilder.java:473)
	at com.microsoft.applicationinsights.agent.internal.configuration.ConfigurationBuilder.create(ConfigurationBuilder.java:124)
	at com.microsoft.applicationinsights.agent.internal.init.FirstEntryPoint.init(FirstEntryPoint.java:90)
	at io.opentelemetry.javaagent.tooling.AgentStarterImpl.start(AgentStarterImpl.java:94)
	at io.opentelemetry.javaagent.bootstrap.AgentInitializer$1.run(AgentInitializer.java:53)
	at io.opentelemetry.javaagent.bootstrap.AgentInitializer$1.run(AgentInitializer.java:47)
	at io.opentelemetry.javaagent.bootstrap.AgentInitializer.execute(AgentInitializer.java:64)
	at io.opentelemetry.javaagent.bootstrap.AgentInitializer.initialize(AgentInitializer.java:46)
	at io.opentelemetry.javaagent.OpenTelemetryAgent.startAgent(OpenTelemetryAgent.java:57)
	at io.opentelemetry.javaagent.OpenTelemetryAgent.premain(OpenTelemetryAgent.java:45)
	at com.microsoft.applicationinsights.agent.Agent.premain(Agent.java:38)
	at com.microsoft.applicationinsights.agent.Agent.agentmain(Agent.java:44)
	at java.base/jdk.internal.reflect.DirectMethodHandleAccessor.invoke(DirectMethodHandleAccessor.java:104)
	at java.base/java.lang.reflect.Method.invoke(Method.java:578)
	at java.instrument/sun.instrument.InstrumentationImpl.loadClassAndStartAgent(InstrumentationImpl.java:491)
	at java.instrument/sun.instrument.InstrumentationImpl.loadClassAndCallAgentmain(InstrumentationImpl.java:513)
2023-05-02 22:20:14.671+05:30 INFO  c.m.applicationinsights.agent - Application Insights Java Agent 3.4.12 started successfully (PID 19912, JVM running for 2.995 s)
2023-05-02 22:20:14.672+05:30 INFO  c.m.applicationinsights.agent - Java version: 19.0.2, vendor: Oracle Corporation, home: C:\Program Files\Java\jdk-19
